Performing C++ SOURCE FILE Test CMAKE_HAVE_LIBC_PTHREAD failed with the following output:
Change Dir: /home/mrx/Documents/tutu-list/src/build-tutuList-Android_Qt_6_2_4_Clang_x86_64-Debug/CMakeFiles/CMakeTmp

Run Build Command(s):/home/mrx/Qt/Tools/Ninja/ninja cmTC_00eec && [1/2] Building CXX object CMakeFiles/cmTC_00eec.dir/src.cxx.o
FAILED: CMakeFiles/cmTC_00eec.dir/src.cxx.o 
/home/mrx/Qt/android-config-manually/sdk-download-by-qt/ndk/22.1.7171670/toolchains/llvm/prebuilt/linux-x86_64/bin/clang++ --target=x86_64-none-linux-android23 --gcc-toolchain=/home/mrx/Qt/android-config-manually/sdk-download-by-qt/ndk/22.1.7171670/toolchains/llvm/prebuilt/linux-x86_64 --sysroot=/home/mrx/Qt/android-config-manually/sdk-download-by-qt/ndk/22.1.7171670/toolchains/llvm/prebuilt/linux-x86_64/sysroot -DCMAKE_HAVE_LIBC_PTHREAD  -g -DANDROID -fdata-sections -ffunction-sections -funwind-tables -fstack-protector-strong -no-canonical-prefixes -D_FORTIFY_SOURCE=2 -Wformat -Werror=format-security    -fPIE -std=gnu++17 -MD -MT CMakeFiles/cmTC_00eec.dir/src.cxx.o -MF CMakeFiles/cmTC_00eec.dir/src.cxx.o.d -o CMakeFiles/cmTC_00eec.dir/src.cxx.o -c /home/mrx/Documents/tutu-list/src/build-tutuList-Android_Qt_6_2_4_Clang_x86_64-Debug/CMakeFiles/CMakeTmp/src.cxx
/home/mrx/Documents/tutu-list/src/build-tutuList-Android_Qt_6_2_4_Clang_x86_64-Debug/CMakeFiles/CMakeTmp/src.cxx:13:3: error: use of undeclared identifier 'pthread_cancel'
  pthread_cancel(thread);
  ^
1 error generated.
ninja: build stopped: subcommand failed.


Source file was:
#include <pthread.h>

static void* test_func(void* data)
{
  return data;
}

int main(void)
{
  pthread_t thread;
  pthread_create(&thread, NULL, test_func, NULL);
  pthread_detach(thread);
  pthread_cancel(thread);
  pthread_join(thread, NULL);
  pthread_atfork(NULL, NULL, NULL);
  pthread_exit(NULL);

  return 0;
}

